1660926950895:add author
1660926960706:addAuthor
1660926971564:showAuthors
1660926995380:listBooks
1660927003325:show all books
1660927298202:addAuthor tt
1660927301578:addAuthor
1660927348325:add
1660927357405:add nn
1660927368693:showauthors
1660927375813:show_authors
1660927411927:add_author tt
1660927417999:show_authors
1660927490067:add_author t
1660927512715:new_book title edition isbn
1660927529036:new_book title edition 1
1660927535781:new_book title 1 1
1660927704443:new_book title 1 isbn
1660928108178:new_book t 1 t
1660928137686:add_author a
1660928146238:show_authors
1660928152214:list_books
1660928263965:add_comment t a c
1660928454687:new_book t 1 t
1660928487022:add_comment t a c
1660928496118:show_comment
1660928505501:show_comment t
1660928837479:add_author a
1660928842220:show_authors
1660928866973:new_book t 1 t
1660928875917:list_books
1660929099888:add_book t 1t
1660929106559:add_book t 1 t
1660929113224:show_books
1660929186146:add_book t 1
1660929193976:add_book  1 t
1660929202819:add_book t 1 t
1660929208226:show_books
1660929494456:add_book t 1 t
1660929499486:show_books
1660929872350:add_book t 1 t
1660929878457:show_books
1660930098579:add_book t 1 t
1660930105696:show_books
1660932952604:add_book t 1 t
1660932973750:show_books
1660933148018:add_book t 1 t
1660933155650:show_books
1660933510563:add_book t 1 t
1660933517718:show_books
1660933680108:add_book t 1 t
1660933684464:show_books
1660934062516:add_book t 1 t
1660934066869:show_books
1660970372785:add_book t 1 t
1660970379420:show_books
1660970638064:add_book  1 t
1660970650606:add_book t 1 t
1660970656997:show_books
1660970672429:add_author a
1660970681374:show_authors
1660970705007:add_comment t a c
1660970724622:show_comment
1660970924336:add_book t 1 t
1660970932510:add_author a
1660970946838:set_author_to_book t a
1660971001060:add_comment t a c
1660971224561:add_book t 1 t
1660971240262:add_comment t a c
1660971280236:add_author a
1660971294422:set_author_to_book t a
1660971367011:add_author a
1660971378494:add_book t 1 t
1660971390306:add_comment t a c
1660971583230:add_author a
1660971594056:add_book t 1 t
1660971613090:add_comment t c s
1660971629219:set_author_to_book t a
1660972030864:add_author a
1660972040916:add_book t 1 t
1660972050478:set_author_to_book t a
1660972122219:add_author a
1660972133089:add_book t 1 t
1660972145528:set_author_to_book t a
